<?xml version="1.0" encoding="utf-8"?><testsuites name="pytest tests"><testsuite name="pytest" errors="0" failures="0" skipped="0" tests="13" time="1.705" timestamp="2026-09-25T02:59:28.316692+00:00" hostname="agent-env-32e8b8e5-8fb5-4619-83ff-f7eaca9a1ebc"><testcase classname="backend.tests.test_doclive_api" name="test_facets" time="0.243" /><testcase classname="backend.tests.test_doclive_api" name="test_list_doctors_all" time="0.074" /><testcase classname="backend.tests.test_doclive_api" name="test_doctor_filters[specialty-Dermatologie-&lt;lambda&gt;]" time="0.068" /><testcase classname="backend.tests.test_doclive_api" name="test_doctor_filters[city-Montr\xe9al-&lt;lambda&gt;]" time="0.068" /><testcase classname="backend.tests.test_doclive_api" name="test_doctor_filters[language-Arabe-&lt;lambda&gt;]" time="0.062" /><testcase classname="backend.tests.test_doclive_api" name="test_doctor_filters[insurance-Guard.me-&lt;lambda&gt;]" time="0.066" /><testcase classname="backend.tests.test_doclive_api" name="test_doctor_filters[teleconsultation-true-&lt;lambda&gt;]" time="0.072" /><testcase classname="backend.tests.test_doclive_api" name="test_get_doctor_ok" time="0.063" /><testcase classname="backend.tests.test_doclive_api" name="test_get_doctor_404" time="0.063" /><testcase classname="backend.tests.test_doclive_api" name="test_create_and_conflict_appointment" time="0.335" /><testcase classname="backend.tests.test_doclive_api" name="test_cancel_404" time="0.072" /><testcase classname="backend.tests.test_doclive_api" name="test_consultations" time="0.064" /><testcase classname="backend.tests.test_doclive_api" name="test_profile_get_and_update" time="0.267" /></testsuite></testsuites>