<?xml version="1.0" encoding="utf-8"?><testsuites name="pytest tests"><testsuite name="pytest" errors="0" failures="0" skipped="0" tests="23" time="3.046" timestamp="2026-09-25T03:35:02.938119+00:00" hostname="agent-env-32e8b8e5-8fb5-4619-83ff-f7eaca9a1ebc"><testcase classname="backend.tests.test_doclive_api" name="test_facets" time="0.337" /><testcase classname="backend.tests.test_doclive_api" name="test_list_doctors_all" time="0.086" /><testcase classname="backend.tests.test_doclive_api" name="test_doctor_filters[specialty-Dermatologie-&lt;lambda&gt;]" time="0.076" /><testcase classname="backend.tests.test_doclive_api" name="test_doctor_filters[city-Montr\xe9al-&lt;lambda&gt;]" time="0.090" /><testcase classname="backend.tests.test_doclive_api" name="test_doctor_filters[language-Arabe-&lt;lambda&gt;]" time="0.070" /><testcase classname="backend.tests.test_doclive_api" name="test_doctor_filters[insurance-Guard.me-&lt;lambda&gt;]" time="0.098" /><testcase classname="backend.tests.test_doclive_api" name="test_doctor_filters[teleconsultation-true-&lt;lambda&gt;]" time="0.074" /><testcase classname="backend.tests.test_doclive_api" name="test_get_doctor_ok" time="0.084" /><testcase classname="backend.tests.test_doclive_api" name="test_get_doctor_404" time="0.064" /><testcase classname="backend.tests.test_doclive_api" name="test_doctors_have_license_and_no_distance_without_pos" time="0.073" /><testcase classname="backend.tests.test_doclive_api" name="test_doctors_sort_distance_montreal" time="0.071" /><testcase classname="backend.tests.test_doclive_api" name="test_doctors_max_km" time="0.064" /><testcase classname="backend.tests.test_doclive_api" name="test_doctors_sort_price" time="0.077" /><testcase classname="backend.tests.test_doclive_api" name="test_doctors_sort_rating" time="0.081" /><testcase classname="backend.tests.test_doclive_api" name="test_license_ok" time="0.063" /><testcase classname="backend.tests.test_doclive_api" name="test_license_404" time="0.070" /><testcase classname="backend.tests.test_doclive_api" name="test_create_and_conflict_appointment" time="0.359" /><testcase classname="backend.tests.test_doclive_api" name="test_cancel_404" time="0.063" /><testcase classname="backend.tests.test_doclive_api" name="test_consultations" time="0.061" /><testcase classname="backend.tests.test_doclive_api" name="test_receipt_pdf_ok" time="0.134" /><testcase classname="backend.tests.test_doclive_api" name="test_receipt_pdf_404" time="0.068" /><testcase classname="backend.tests.test_doclive_api" name="test_cancel_moves_to_history" time="0.329" /><testcase classname="backend.tests.test_doclive_api" name="test_profile_get_and_update" time="0.438" /></testsuite></testsuites>